<?xml version="1.0" encoding="utf-8"?><testsuites name="pytest tests"><testsuite name="pytest" errors="0" failures="1" skipped="0" tests="34" time="2.608" timestamp="2026-08-12T10:26:36.154418+00:00" hostname="agent-env-ff48d422-223f-4fae-9318-46fb5eccbd03"><testcase classname="tests.test_botanica_api.TestProducts" name="test_list_products" time="0.248" /><testcase classname="tests.test_botanica_api.TestCheckout" name="test_create_order_demo" time="0.450" /><testcase classname="tests.test_botanica_api.TestProducts" name="test_filter_by_category" time="0.143" /><testcase classname="tests.test_botanica_api.TestProducts" name="test_filter_all" time="0.033" /><testcase classname="tests.test_botanica_api.TestProducts" name="test_categories" time="0.030" /><testcase classname="tests.test_botanica_api.TestCheckout" name="test_create_order_unknown_product" time="0.078" /><testcase classname="tests.test_botanica_api.TestProducts" name="test_get_product_by_id" time="0.111" /><testcase classname="tests.test_botanica_api.TestCheckout" name="test_create_order_validation" time="0.037" /><testcase classname="tests.test_botanica_api.TestCheckout" name="test_demo_complete" time="0.079" /><testcase classname="tests.test_botanica_api.TestProducts" name="test_get_product_404" time="0.072" /><testcase classname="tests.test_botanica_api.TestProductCRUD" name="test_create_product" time="0.147" /><testcase classname="tests.test_botanica_api.TestCheckout" name="test_get_order" time="0.080" /><testcase classname="tests.test_botanica_api.TestCheckout" name="test_get_order_404" time="0.038" /><testcase classname="tests.test_botanica_api.TestCheckout" name="test_demo_complete_404" time="0.077" /><testcase classname="tests.test_botanica_api.TestProductCRUD" name="test_update_product" time="0.104" /><testcase classname="tests.test_shiprocket_and_status.TestShiprocket" name="test_disconnect_first_idempotent" time="0.093" /><testcase classname="tests.test_botanica_api.TestProductCRUD" name="test_update_404" time="0.029" /><testcase classname="tests.test_botanica_api.TestProductCRUD" name="test_delete_product" time="0.105" /><testcase classname="tests.test_shiprocket_and_status.TestShiprocket" name="test_status_unlinked" time="0.036" /><testcase classname="tests.test_shiprocket_and_status.TestShiprocket" name="test_sync_unlinked_returns_409" time="0.075" /><testcase classname="tests.test_botanica_api.TestProductCRUD" name="test_delete_404" time="0.072" /><testcase classname="tests.test_shiprocket_and_status.TestShiprocket" name="test_connect_fake_credentials_returns_400" time="0.518" /><testcase classname="tests.test_botanica_api.TestPricingByVerification" name="test_non_verified_charges_mrp" time="0.032"><failure message="AssertionError: assert ((479.0)) == 0&#10; +  where 479.0 = &lt;built-in method get of dict object at 0xfb56d7f56480&gt;('offer_price')&#10; +    where &lt;built-in method get of dict object at 0xfb56d7f56480&gt; = {'name': 'Aloe &amp; Cucumber Gel', 'description': 'Soothing hydrating gel with pure aloe vera and cucumber extract for calm, refreshed skin. 100ml.', 'price': 399.0, 'mrp': 549.0, ...}.get">backend/tests/test_botanica_api.py:255: in test_non_verified_charges_mrp
    assert (p.get("offer_price") or 0) == 0
E   AssertionError: assert ((479.0)) == 0
E    +  where 479.0 = &lt;built-in method get of dict object at 0xfb56d7f56480&gt;('offer_price')
E    +    where &lt;built-in method get of dict object at 0xfb56d7f56480&gt; = {'name': 'Aloe &amp; Cucumber Gel', 'description': 'Soothing hydrating gel with pure aloe vera and cucumber extract for calm, refreshed skin. 100ml.', 'price': 399.0, 'mrp': 549.0, ...}.get</failure></testcase><testcase classname="tests.test_botanica_api.TestPricingByVerification" name="test_verified_charges_dp" time="0.104" /><testcase classname="tests.test_botanica_api.TestPricingByVerification" name="test_offer_price_charged_when_set_and_not_verified" time="0.369" /><testcase classname="tests.test_shiprocket_and_status.TestShiprocket" name="test_disconnect_is_idempotent" time="0.107" /><testcase classname="tests.test_botanica_api.TestPricingByVerification" name="test_offer_price_via_create_persists" time="0.321" /><testcase classname="tests.test_shiprocket_and_status.TestOrderStatus" name="test_patch_shipped_with_tracking" time="0.255" /><testcase classname="tests.test_shiprocket_and_status.TestOrderStatus" name="test_patch_delivered_sets_delivered_at" time="0.039" /><testcase classname="tests.test_botanica_api.TestHealth" name="test_root" time="0.072" /><testcase classname="tests.test_shiprocket_and_status.TestOrderStatus" name="test_patch_invalid_status_returns_400" time="0.031" /><testcase classname="tests.test_shiprocket_and_status.TestOrderStatus" name="test_patch_unknown_order_returns_404" time="0.081" /><testcase classname="tests.test_botanica_api.TestOfferPriceField" name="test_products_expose_offer_price" time="0.030" /><testcase classname="tests.test_botanica_api.TestFullVerifiedCheckoutFlow" name="test_full_flow" time="0.240" /></testsuite></testsuites>