<?xml version="1.0" encoding="utf-8"?><testsuites name="pytest tests"><testsuite name="pytest" errors="0" failures="0" skipped="0" tests="16" time="2.666" timestamp="2026-08-19T14:14:25.952620+00:00" hostname="agent-env-ff48d422-223f-4fae-9318-46fb5eccbd03"><testcase classname="tests.test_coupons.TestCouponValidate" name="test_wrong_audience_altos_for_guest" time="0.326" /><testcase classname="tests.test_coupons.TestCouponCRUD" name="test_create_percent_coupon" time="0.331" /><testcase classname="tests.test_coupons.TestCouponValidate" name="test_wrong_audience_non_altos_for_altos_user" time="0.123" /><testcase classname="tests.test_coupons.TestCouponCRUD" name="test_create_flat_coupon" time="0.060" /><testcase classname="tests.test_coupons.TestCouponCRUD" name="test_duplicate_code_rejected" time="0.202" /><testcase classname="tests.test_coupons.TestCouponValidate" name="test_expired_coupon" time="0.093" /><testcase classname="tests.test_coupons.TestCouponValidate" name="test_below_min_order" time="0.124" /><testcase classname="tests.test_coupons.TestCouponCRUD" name="test_percent_over_100_rejected" time="0.062" /><testcase classname="tests.test_coupons.TestCouponCRUD" name="test_end_before_start_rejected" time="0.053" /><testcase classname="tests.test_coupons.TestCouponValidate" name="test_missing_phone" time="0.092" /><testcase classname="tests.test_coupons.TestCouponCRUD" name="test_update_coupon" time="0.281" /><testcase classname="tests.test_coupons.TestCouponValidate" name="test_valid_success" time="0.527" /><testcase classname="tests.test_coupons.TestCouponCRUD" name="test_delete_coupon" time="0.476" /><testcase classname="tests.test_coupons.TestCouponAvailable" name="test_available_filters_audience_and_active" time="0.320" /><testcase classname="tests.test_coupons.TestCouponCheckoutFlow" name="test_full_one_use_per_phone" time="0.835" /><testcase classname="tests.test_coupons.TestCouponAvailable" name="test_available_eligible_flag_min_order" time="0.702" /></testsuite></testsuites>