<?xml version="1.0" encoding="utf-8"?><testsuites name="pytest tests"><testsuite name="pytest" errors="0" failures="0" skipped="0" tests="7" time="64.869" timestamp="2026-08-23T22:21:40.946828+00:00" hostname="agent-env-ff48d422-223f-4fae-9318-46fb5eccbd03"><testcase classname="tests.test_admin_pin.TestChangePin" name="test_missing_session_header_returns_401" time="62.273" /><testcase classname="tests.test_admin_pin.TestVerifyPin" name="test_wrong_pin_returns_401" time="0.376" /><testcase classname="tests.test_admin_pin.TestVerifyPin" name="test_correct_pin_returns_session_token" time="0.297" /><testcase classname="tests.test_admin_pin.TestVerifyPin" name="test_rate_limit_after_5_wrong_attempts" time="1.268" /><testcase classname="tests.test_admin_pin.TestChangePin" name="test_change_pin_roundtrip_and_restore" time="2.203" /><testcase classname="tests.test_admin_pin.TestRegressionSmoke" name="test_products_endpoint" time="0.035" /><testcase classname="tests.test_admin_pin.TestRegressionSmoke" name="test_root" time="0.051" /></testsuite></testsuites>