<?xml version="1.0" encoding="utf-8"?><testsuites name="pytest tests"><testsuite name="pytest" errors="0" failures="0" skipped="0" tests="8" time="1.376" timestamp="2026-08-14T08:40:37.169882+00:00" hostname="agent-env-ff48d422-223f-4fae-9318-46fb5eccbd03"><testcase classname="tests.test_checkout_batched_pricing.TestSmoke" name="test_products_list" time="0.253" /><testcase classname="tests.test_checkout_batched_pricing.TestSmoke" name="test_categories" time="0.145" /><testcase classname="tests.test_checkout_batched_pricing.TestMultiItemPricing" name="test_multi_item_non_verified" time="0.401" /><testcase classname="tests.test_checkout_batched_pricing.TestMultiItemPricing" name="test_multi_item_verified_dp_and_bv" time="0.071" /><testcase classname="tests.test_checkout_batched_pricing.TestMultiItemPricing" name="test_unknown_product_in_multi_cart" time="0.072" /><testcase classname="tests.test_checkout_batched_pricing.TestHeavyItemLimit" name="test_qty_3_rejected" time="0.193" /><testcase classname="tests.test_checkout_batched_pricing.TestHeavyItemLimit" name="test_qty_2_ok" time="0.143" /><testcase classname="tests.test_checkout_batched_pricing.TestDemoCompleteSnapshot" name="test_create_complete_and_snapshot" time="0.251" /></testsuite></testsuites>