<?xml version="1.0" encoding="utf-8"?><testsuites name="pytest tests"><testsuite name="pytest" errors="0" failures="0" skipped="0" tests="19" time="1.505" timestamp="2026-08-12T08:12:43.507952+00:00" hostname="agent-env-ff48d422-223f-4fae-9318-46fb5eccbd03"><testcase classname="tests.test_botanica_api.TestProducts" name="test_list_products" time="0.263" /><testcase classname="tests.test_botanica_api.TestCheckout" name="test_create_order_demo" time="0.324" /><testcase classname="tests.test_botanica_api.TestProducts" name="test_filter_by_category" time="0.142" /><testcase classname="tests.test_botanica_api.TestCheckout" name="test_create_order_unknown_product" time="0.145" /><testcase classname="tests.test_botanica_api.TestProducts" name="test_filter_all" time="0.033" /><testcase classname="tests.test_botanica_api.TestProducts" name="test_categories" time="0.075" /><testcase classname="tests.test_botanica_api.TestCheckout" name="test_create_order_validation" time="0.034" /><testcase classname="tests.test_botanica_api.TestCheckout" name="test_demo_complete" time="0.046" /><testcase classname="tests.test_botanica_api.TestProducts" name="test_get_product_by_id" time="0.107" /><testcase classname="tests.test_botanica_api.TestCheckout" name="test_get_order" time="0.072" /><testcase classname="tests.test_botanica_api.TestCheckout" name="test_get_order_404" time="0.075" /><testcase classname="tests.test_botanica_api.TestProducts" name="test_get_product_404" time="0.078" /><testcase classname="tests.test_botanica_api.TestCheckout" name="test_demo_complete_404" time="0.032" /><testcase classname="tests.test_botanica_api.TestProductCRUD" name="test_create_product" time="0.148" /><testcase classname="tests.test_botanica_api.TestHealth" name="test_root" time="0.027" /><testcase classname="tests.test_botanica_api.TestProductCRUD" name="test_update_product" time="0.090" /><testcase classname="tests.test_botanica_api.TestProductCRUD" name="test_update_404" time="0.074" /><testcase classname="tests.test_botanica_api.TestProductCRUD" name="test_delete_product" time="0.105" /><testcase classname="tests.test_botanica_api.TestProductCRUD" name="test_delete_404" time="0.072" /></testsuite></testsuites>